<?xml version="1.0" encoding="UTF-8"?>
<coverage generated="1736776525878" clover="3.2.0">
  <project timestamp="1736776525878" name="All files">
    <metrics statements="100" coveredstatements="100" conditionals="49" coveredconditionals="49" methods="16" coveredmethods="16" elements="165" coveredelements="165" complexity="0" loc="100" ncloc="100" packages="1" files="1" classes="1"/>
    <file name="index.js" path="C:\Users\Louron\Documents\DEV\validation logiciel\quality-env-tests\src\index.js">
      <metrics statements="100" coveredstatements="100" conditionals="49" coveredconditionals="49" methods="16" coveredmethods="16"/>
      <line num="1" count="3" type="stmt"/>
      <line num="3" count="1" type="stmt"/>
      <line num="4" count="6" type="cond" truecount="4" falsecount="0"/>
      <line num="5" count="3" type="stmt"/>
      <line num="8" count="3" type="stmt"/>
      <line num="11" count="1" type="cond" truecount="1" falsecount="0"/>
      <line num="12" count="18" type="stmt"/>
      <line num="14" count="18" type="cond" truecount="2" falsecount="0"/>
      <line num="15" count="2" type="stmt"/>
      <line num="18" count="16" type="stmt"/>
      <line num="19" count="84" type="stmt"/>
      <line num="22" count="16" type="stmt"/>
      <line num="25" count="2" type="stmt"/>
      <line num="27" count="1" type="stmt"/>
      <line num="28" count="3" type="stmt"/>
      <line num="30" count="3" type="stmt"/>
      <line num="31" count="8" type="stmt"/>
      <line num="34" count="3" type="stmt"/>
      <line num="37" count="1" type="stmt"/>
      <line num="38" count="4" type="cond" truecount="2" falsecount="0"/>
      <line num="39" count="2" type="stmt"/>
      <line num="42" count="2" type="stmt"/>
      <line num="45" count="1" type="stmt"/>
      <line num="46" count="126" type="cond" truecount="2" falsecount="0"/>
      <line num="47" count="3" type="stmt"/>
      <line num="50" count="123" type="cond" truecount="4" falsecount="0"/>
      <line num="51" count="64" type="stmt"/>
      <line num="54" count="59" type="stmt"/>
      <line num="57" count="1" type="stmt"/>
      <line num="58" count="1" type="stmt"/>
      <line num="59" count="1" type="stmt"/>
      <line num="61" count="1" type="stmt"/>
      <line num="62" count="26" type="stmt"/>
      <line num="65" count="1" type="stmt"/>
      <line num="68" count="1" type="stmt"/>
      <line num="69" count="5" type="stmt"/>
      <line num="71" count="5" type="stmt"/>
      <line num="72" count="10" type="stmt"/>
      <line num="75" count="5" type="stmt"/>
      <line num="78" count="1" type="stmt"/>
      <line num="79" count="5" type="stmt"/>
      <line num="81" count="5" type="stmt"/>
      <line num="82" count="16" type="stmt"/>
      <line num="84" count="16" type="cond" truecount="4" falsecount="0"/>
      <line num="85" count="8" type="stmt"/>
      <line num="87" count="16" type="cond" truecount="4" falsecount="0"/>
      <line num="88" count="4" type="stmt"/>
      <line num="90" count="16" type="cond" truecount="4" falsecount="0"/>
      <line num="91" count="4" type="stmt"/>
      <line num="93" count="16" type="cond" truecount="2" falsecount="0"/>
      <line num="94" count="1" type="stmt"/>
      <line num="98" count="5" type="stmt"/>
      <line num="102" count="36" type="cond" truecount="2" falsecount="0"/>
      <line num="103" count="15" type="stmt"/>
      <line num="104" count="15" type="stmt"/>
      <line num="105" count="15" type="stmt"/>
      <line num="106" count="15" type="stmt"/>
      <line num="107" count="37" type="cond" truecount="2" falsecount="0"/>
      <line num="108" count="18" type="stmt"/>
      <line num="110" count="15" type="stmt"/>
      <line num="115" count="5" type="stmt"/>
      <line num="116" count="5" type="stmt"/>
      <line num="117" count="5" type="stmt"/>
      <line num="118" count="5" type="stmt"/>
      <line num="120" count="5" type="stmt"/>
      <line num="121" count="30" type="stmt"/>
      <line num="122" count="30" type="stmt"/>
      <line num="123" count="76" type="stmt"/>
      <line num="125" count="30" type="stmt"/>
      <line num="127" count="29" type="cond" truecount="2" falsecount="0"/>
      <line num="128" count="5" type="stmt"/>
      <line num="129" count="5" type="stmt"/>
      <line num="132" count="4" type="stmt"/>
      <line num="136" count="167" type="cond" truecount="2" falsecount="0"/>
      <line num="137" count="103" type="stmt"/>
      <line num="138" count="103" type="stmt"/>
      <line num="139" count="157" type="stmt"/>
      <line num="140" count="157" type="stmt"/>
      <line num="141" count="157" type="stmt"/>
      <line num="142" count="224" type="stmt"/>
      <line num="145" count="103" type="stmt"/>
      <line num="149" count="4691" type="stmt"/>
      <line num="150" count="18579" type="stmt"/>
      <line num="151" count="152860" type="cond" truecount="2" falsecount="0"/>
      <line num="152" count="4688" type="stmt"/>
      <line num="153" count="41648" type="cond" truecount="2" falsecount="0"/>
      <line num="154" count="4687" type="stmt"/>
      <line num="155" count="4687" type="cond" truecount="2" falsecount="0"/>
      <line num="156" count="132" type="stmt"/>
      <line num="158" count="4555" type="stmt"/>
      <line num="161" count="4556" type="stmt"/>
      <line num="165" count="3" type="stmt"/>
      <line num="169" count="41653" type="stmt"/>
      <line num="170" count="180735" type="cond" truecount="4" falsecount="0"/>
      <line num="172" count="6363" type="stmt"/>
      <line num="173" count="6363" type="stmt"/>
      <line num="174" count="6363" type="stmt"/>
      <line num="175" count="17363" type="stmt"/>
      <line num="176" count="50384" type="cond" truecount="2" falsecount="0"/>
      <line num="179" count="4689" type="stmt"/>
    </file>
  </project>
</coverage>
