TN:
SF:src\index.js
FN:1,(anonymous_0)
FN:3,(anonymous_1)
FN:11,(anonymous_2)
FN:25,(anonymous_3)
FN:27,(anonymous_4)
FN:37,(anonymous_5)
FN:45,(anonymous_6)
FN:57,(anonymous_7)
FN:68,(anonymous_8)
FN:78,(anonymous_9)
FN:101,quickSort
FN:114,tspBrutForce
FN:120,(anonymous_12)
FN:135,permuter
FN:148,resoudreSudoku
FN:168,estValide
FNF:16
FNH:16
FNDA:3,(anonymous_0)
FNDA:6,(anonymous_1)
FNDA:18,(anonymous_2)
FNDA:2,(anonymous_3)
FNDA:3,(anonymous_4)
FNDA:4,(anonymous_5)
FNDA:126,(anonymous_6)
FNDA:1,(anonymous_7)
FNDA:5,(anonymous_8)
FNDA:5,(anonymous_9)
FNDA:36,quickSort
FNDA:5,tspBrutForce
FNDA:30,(anonymous_12)
FNDA:167,permuter
FNDA:4691,resoudreSudoku
FNDA:41653,estValide
DA:1,3
DA:3,1
DA:4,6
DA:5,3
DA:8,3
DA:11,1
DA:12,18
DA:14,18
DA:15,2
DA:18,16
DA:19,84
DA:22,16
DA:25,2
DA:27,1
DA:28,3
DA:30,3
DA:31,8
DA:34,3
DA:37,1
DA:38,4
DA:39,2
DA:42,2
DA:45,1
DA:46,126
DA:47,3
DA:50,123
DA:51,64
DA:54,59
DA:57,1
DA:58,1
DA:59,1
DA:61,1
DA:62,26
DA:65,1
DA:68,1
DA:69,5
DA:71,5
DA:72,10
DA:75,5
DA:78,1
DA:79,5
DA:81,5
DA:82,16
DA:84,16
DA:85,8
DA:87,16
DA:88,4
DA:90,16
DA:91,4
DA:93,16
DA:94,1
DA:98,5
DA:102,36
DA:103,15
DA:104,15
DA:105,15
DA:106,15
DA:107,37
DA:108,18
DA:110,15
DA:115,5
DA:116,5
DA:117,5
DA:118,5
DA:120,5
DA:121,30
DA:122,30
DA:123,76
DA:125,30
DA:127,29
DA:128,5
DA:129,5
DA:132,4
DA:136,167
DA:137,103
DA:138,103
DA:139,157
DA:140,157
DA:141,157
DA:142,224
DA:145,103
DA:149,4691
DA:150,18579
DA:151,152860
DA:152,4688
DA:153,41648
DA:154,4687
DA:155,4687
DA:156,132
DA:158,4555
DA:161,4556
DA:165,3
DA:169,41653
DA:170,180735
DA:172,6363
DA:173,6363
DA:174,6363
DA:175,17363
DA:176,50384
DA:179,4689
LF:100
LH:100
BRDA:4,0,0,3
BRDA:4,0,1,3
BRDA:4,1,0,6
BRDA:4,1,1,4
BRDA:11,2,0,1
BRDA:14,3,0,2
BRDA:14,3,1,16
BRDA:38,4,0,2
BRDA:38,4,1,2
BRDA:46,5,0,3
BRDA:46,5,1,123
BRDA:50,6,0,64
BRDA:50,6,1,59
BRDA:50,7,0,123
BRDA:50,7,1,98
BRDA:84,8,0,8
BRDA:84,8,1,8
BRDA:84,9,0,16
BRDA:84,9,1,10
BRDA:87,10,0,4
BRDA:87,10,1,12
BRDA:87,11,0,16
BRDA:87,11,1,6
BRDA:90,12,0,4
BRDA:90,12,1,12
BRDA:90,13,0,16
BRDA:90,13,1,14
BRDA:93,14,0,1
BRDA:93,14,1,15
BRDA:102,15,0,21
BRDA:102,15,1,15
BRDA:107,16,0,19
BRDA:107,16,1,18
BRDA:127,17,0,5
BRDA:127,17,1,24
BRDA:136,18,0,64
BRDA:136,18,1,103
BRDA:151,19,0,4688
BRDA:151,19,1,148172
BRDA:153,20,0,4687
BRDA:153,20,1,36961
BRDA:155,21,0,132
BRDA:155,21,1,4555
BRDA:170,22,0,35290
BRDA:170,22,1,145445
BRDA:170,23,0,180735
BRDA:170,23,1,159004
BRDA:176,24,0,1674
BRDA:176,24,1,48710
BRF:49
BRH:49
end_of_record
